app/build/intermediates/manifest_merge_blame_file/debug/manifest-merger-blame-debug-report.txt
1<?xml version="1.0" encoding="utf-8"?>
2<manifest xmlns:android="http://schemas.android.com/apk/res/android"
3    xmlns:dist="http://schemas.android.com/apk/distribution"
4    package="com.example.kotlinbt"
5    android:versionCode="1"
6    android:versionName="1.0" >
7
8    <uses-sdk
9        android:minSdkVersion="23"
9-->src/main/AndroidManifest.xml
10        android:targetSdkVersion="27" />
10-->src/main/AndroidManifest.xml
11
12    <dist:module dist:instant="true" />
12-->src/main/AndroidManifest.xml:6:2-36
12-->src/main/AndroidManifest.xml:6:15-34
13
14    <uses-permission android:name="android.permission.BLUETOOTH" />
14-->src/main/AndroidManifest.xml:8:2-64
14-->src/main/AndroidManifest.xml:8:19-62
15    <uses-permission android:name="android.permission.BLUETOOTH_ADMIN" />
15-->src/main/AndroidManifest.xml:9:2-70
15-->src/main/AndroidManifest.xml:9:19-68
16    <uses-permission android:name="android.permission.ACCESS_COARSE_LOCATION" />
16-->src/main/AndroidManifest.xml:10:2-77
16-->src/main/AndroidManifest.xml:10:19-75
17    <uses-permission android:name="android.Manifest.permission.ACCESS_FINE_LOCATION" />
17-->src/main/AndroidManifest.xml:11:2-84
17-->src/main/AndroidManifest.xml:11:19-82
18    <uses-permission android:name="android.permission.BLUETOOTH_PRIVILEGED" />
18-->src/main/AndroidManifest.xml:12:2-75
18-->src/main/AndroidManifest.xml:12:19-73
19
20    <application
20-->src/main/AndroidManifest.xml:14:2-40:16
21        android:name="com.example.kotlinbt.Application.AppController"
21-->src/main/AndroidManifest.xml:15:4-45
22        android:allowBackup="true"
22-->src/main/AndroidManifest.xml:16:4-30
23        android:debuggable="true"
24        android:icon="@mipmap/ic_launcher"
24-->src/main/AndroidManifest.xml:17:4-38
25        android:label="@string/app_name"
25-->src/main/AndroidManifest.xml:18:4-36
26        android:roundIcon="@mipmap/ic_launcher_round"
26-->src/main/AndroidManifest.xml:19:4-49
27        android:supportsRtl="true"
27-->src/main/AndroidManifest.xml:20:4-30
28        android:testOnly="true"
29        android:theme="@style/AppTheme" >
29-->src/main/AndroidManifest.xml:21:4-35
30        <activity android:name="com.example.kotlinbt.lock.LockActivity" >
30-->src/main/AndroidManifest.xml:23:3-24:14
30-->src/main/AndroidManifest.xml:23:13-46
31        </activity>
32        <activity android:name="com.example.kotlinbt.condition.ConditionActivity" >
32-->src/main/AndroidManifest.xml:25:3-26:14
32-->src/main/AndroidManifest.xml:25:13-56
33        </activity>
34        <activity
34-->src/main/AndroidManifest.xml:27:3-35:14
35            android:name="com.example.kotlinbt.main.MainActivity"
35-->src/main/AndroidManifest.xml:28:5-38
36            android:theme="@style/AppTheme.NoActionBar" >
36-->src/main/AndroidManifest.xml:29:5-48
37            <intent-filter>
37-->src/main/AndroidManifest.xml:30:4-34:20
38                <action android:name="android.intent.action.MAIN" />
38-->src/main/AndroidManifest.xml:31:5-56
38-->src/main/AndroidManifest.xml:31:13-54
39
40                <category android:name="android.intent.category.LAUNCHER" />
40-->src/main/AndroidManifest.xml:33:5-64
40-->src/main/AndroidManifest.xml:33:15-62
41            </intent-filter>
42        </activity>
43        <activity android:name="com.example.kotlinbt.DeviceRegister.DeviceSearchActivity" >
43-->src/main/AndroidManifest.xml:36:3-37:14
43-->src/main/AndroidManifest.xml:36:13-64
44        </activity>
45
46        <service android:name="com.example.kotlinbt.bluetooth.BluetoothLeService" />
46-->src/main/AndroidManifest.xml:39:3-58
46-->src/main/AndroidManifest.xml:39:12-56
47    </application>
48
49</manifest>